0 info it worked if it ends with ok
1 verbose cli [ '/usr/bin/nodejs', '/usr/bin/npm', 'run', 'test' ]
2 info using npm@2.15.1
3 info using node@v4.4.4
4 verbose run-script [ 'pretest', 'test', 'posttest' ]
5 info pretest api_automation@1.0.0
6 info test api_automation@1.0.0
7 verbose unsafe-perm in lifecycle true
8 info api_automation@1.0.0 Failed to exec test script
9 verbose stack Error: api_automation@1.0.0 test: `mocha test.js --timeout 15000`
9 verbose stack Exit status 4
9 verbose stack     at EventEmitter.<anonymous> (/usr/lib/node_modules/npm/lib/utils/lifecycle.js:217:16)
9 verbose stack     at emitTwo (events.js:87:13)
9 verbose stack     at EventEmitter.emit (events.js:172:7)
9 verbose stack     at ChildProcess.<anonymous> (/usr/lib/node_modules/npm/lib/utils/spawn.js:24:14)
9 verbose stack     at emitTwo (events.js:87:13)
9 verbose stack     at ChildProcess.emit (events.js:172:7)
9 verbose stack     at maybeClose (internal/child_process.js:827:16)
9 verbose stack     at Process.ChildProcess._handle.onexit (internal/child_process.js:211:5)
10 verbose pkgid api_automation@1.0.0
11 verbose cwd /home/ss/Documents/backend
12 error Linux 3.13.0-86-generic
13 error argv "/usr/bin/nodejs" "/usr/bin/npm" "run" "test"
14 error node v4.4.4
15 error npm  v2.15.1
16 error code ELIFECYCLE
17 error api_automation@1.0.0 test: `mocha test.js --timeout 15000`
17 error Exit status 4
18 error Failed at the api_automation@1.0.0 test script 'mocha test.js --timeout 15000'.
18 error This is most likely a problem with the api_automation package,
18 error not with npm itself.
18 error Tell the author that this fails on your system:
18 error     mocha test.js --timeout 15000
18 error You can get information on how to open an issue for this project with:
18 error     npm bugs api_automation
18 error Or if that isn't available, you can get their info via:
18 error
18 error     npm owner ls api_automation
18 error There is likely additional logging output above.
19 verbose exit [ 1, true ]
